# JRE version: Java(TM) SE Runtime Environment (21.0.6+8) (build 21.0.6+8-LTS-188)
# Java VM: Java HotSpot(TM) 64-Bit Server VM (21.0.6+8-LTS-188, mixed mode, sharing, tiered, compressed oops, compressed class ptrs, g1 gc, windows-amd64)
GC Precious Log:
 CardTable entry size: 512
 Card Set container configuration: InlinePtr #cards 4 size 8 Array Of Cards #cards 16 size 48 Howl #buckets 8 coarsen threshold 3686 Howl Bitmap #cards 512 size 80 coarsen threshold 460 Card regions per heap region 1 cards per card region 4096
 CPUs: 8 total, 8 available
 Memory: 16296M
 Large Page Support: Disabled
 NUMA Support: Disabled
 Compressed Oops: Enabled (Zero based)
 Heap Region Size: 2M
 Heap Min Capacity: 8M
 Heap Initial Capacity: 256M
 Heap Max Capacity: 4076M
 Pre-touch: Disabled
 Parallel Workers: 8
 Concurrent Workers: 2
 Concurrent Refinement Workers: 8
 Periodic GC: Disabled
Heap:
 garbage-first heap   total 149504K, used 119539K [0x0000000701400000, 0x0000000800000000)
  region size 2048K, 32 young (65536K), 4 survivors (8192K)
 Metaspace       used 58883K, committed 59648K, reserved 1114112K
  class space    used 7223K, committed 7552K, reserved 1048576K
GC Heap History (20 events):
Event: 9.356 GC heap before
{Heap before GC invocations=13 (full 0):
 garbage-first heap   total 90112K, used 71289K [0x0000000701400000, 0x0000000800000000)
  region size 2048K, 26 young (53248K), 3 survivors (6144K)
 Metaspace       used 40893K, committed 41408K, reserved 1114112K
  class space    used 4904K, committed 5120K, reserved 1048576K
}
Event: 9.372 GC heap after
{Heap after GC invocations=14 (full 0):
 garbage-first heap   total 90112K, used 26213K [0x0000000701400000, 0x0000000800000000)
  region size 2048K, 2 young (4096K), 2 survivors (4096K)
 Metaspace       used 40893K, committed 41408K, reserved 1114112K
  class space    used 4904K, committed 5120K, reserved 1048576K
}
Event: 11.239 GC heap before
{Heap before GC invocations=14 (full 0):
 garbage-first heap   total 90112K, used 75365K [0x0000000701400000, 0x0000000800000000)
  region size 2048K, 26 young (53248K), 2 survivors (4096K)
 Metaspace       used 42681K, committed 43200K, reserved 1114112K
  class space    used 5112K, committed 5376K, reserved 1048576K
}
Event: 11.244 GC heap after
{Heap after GC invocations=15 (full 0):
 garbage-first heap   total 90112K, used 28228K [0x0000000701400000, 0x0000000800000000)
  region size 2048K, 3 young (6144K), 3 survivors (6144K)
 Metaspace       used 42681K, committed 43200K, reserved 1114112K
  class space    used 5112K, committed 5376K, reserved 1048576K
}
Event: 11.891 GC heap before
{Heap before GC invocations=15 (full 0):
 garbage-first heap   total 90112K, used 75332K [0x0000000701400000, 0x0000000800000000)
  region size 2048K, 26 young (53248K), 3 survivors (6144K)
 Metaspace       used 44847K, committed 45440K, reserved 1114112K
  class space    used 5497K, committed 5760K, reserved 1048576K
}
Event: 11.898 GC heap after
{Heap after GC invocations=16 (full 0):
 garbage-first heap   total 90112K, used 29918K [0x0000000701400000, 0x0000000800000000)
  region size 2048K, 3 young (6144K), 3 survivors (6144K)
 Metaspace       used 44847K, committed 45440K, reserved 1114112K
  class space    used 5497K, committed 5760K, reserved 1048576K
}
Event: 12.485 GC heap before
{Heap before GC invocations=16 (full 0):
 garbage-first heap   total 90112K, used 77022K [0x0000000701400000, 0x0000000800000000)
  region size 2048K, 26 young (53248K), 3 survivors (6144K)
 Metaspace       used 47177K, committed 47680K, reserved 1114112K
  class space    used 5780K, committed 6016K, reserved 1048576K
}
Event: 12.492 GC heap after
{Heap after GC invocations=17 (full 0):
 garbage-first heap   total 108544K, used 32006K [0x0000000701400000, 0x0000000800000000)
  region size 2048K, 3 young (6144K), 3 survivors (6144K)
 Metaspace       used 47177K, committed 47680K, reserved 1114112K
  class space    used 5780K, committed 6016K, reserved 1048576K
}
Event: 12.851 GC heap before
{Heap before GC invocations=17 (full 0):
 garbage-first heap   total 108544K, used 87302K [0x0000000701400000, 0x0000000800000000)
  region size 2048K, 31 young (63488K), 3 survivors (6144K)
 Metaspace       used 47648K, committed 48256K, reserved 1114112K
  class space    used 5812K, committed 6080K, reserved 1048576K
}
Event: 12.864 GC heap after
{Heap after GC invocations=18 (full 0):
 garbage-first heap   total 108544K, used 44814K [0x0000000701400000, 0x0000000800000000)
  region size 2048K, 4 young (8192K), 4 survivors (8192K)
 Metaspace       used 47648K, committed 48256K, reserved 1114112K
  class space    used 5812K, committed 6080K, reserved 1048576K
}
Event: 13.061 GC heap before
{Heap before GC invocations=18 (full 0):
 garbage-first heap   total 108544K, used 87822K [0x0000000701400000, 0x0000000800000000)
  region size 2048K, 26 young (53248K), 4 survivors (8192K)
 Metaspace       used 47775K, committed 48384K, reserved 1114112K
  class space    used 5816K, committed 6080K, reserved 1048576K
}
Event: 13.071 GC heap after
{Heap after GC invocations=19 (full 0):
 garbage-first heap   total 108544K, used 53770K [0x0000000701400000, 0x0000000800000000)
  region size 2048K, 4 young (8192K), 4 survivors (8192K)
 Metaspace       used 47775K, committed 48384K, reserved 1114112K
  class space    used 5816K, committed 6080K, reserved 1048576K
}
Event: 13.250 GC heap before
{Heap before GC invocations=19 (full 0):
 garbage-first heap   total 108544K, used 88586K [0x0000000701400000, 0x0000000800000000)
  region size 2048K, 22 young (45056K), 4 survivors (8192K)
 Metaspace       used 47849K, committed 48384K, reserved 1114112K
  class space    used 5821K, committed 6080K, reserved 1048576K
}
Event: 13.262 GC heap after
{Heap after GC invocations=20 (full 0):
 garbage-first heap   total 108544K, used 62939K [0x0000000701400000, 0x0000000800000000)
  region size 2048K, 3 young (6144K), 3 survivors (6144K)
 Metaspace       used 47849K, committed 48384K, reserved 1114112K
  class space    used 5821K, committed 6080K, reserved 1048576K
}
Event: 13.359 GC heap before
{Heap before GC invocations=20 (full 0):
 garbage-first heap   total 108544K, used 89563K [0x0000000701400000, 0x0000000800000000)
  region size 2048K, 17 young (34816K), 3 survivors (6144K)
 Metaspace       used 47860K, committed 48384K, reserved 1114112K
  class space    used 5821K, committed 6080K, reserved 1048576K
}
Event: 13.369 GC heap after
{Heap after GC invocations=21 (full 0):
 garbage-first heap   total 149504K, used 71340K [0x0000000701400000, 0x0000000800000000)
  region size 2048K, 3 young (6144K), 3 survivors (6144K)
 Metaspace       used 47860K, committed 48384K, reserved 1114112K
  class space    used 5821K, committed 6080K, reserved 1048576K
}
Event: 15.164 GC heap before
{Heap before GC invocations=22 (full 0):
 garbage-first heap   total 149504K, used 110252K [0x0000000701400000, 0x0000000800000000)
  region size 2048K, 27 young (55296K), 3 survivors (6144K)
 Metaspace       used 49229K, committed 49856K, reserved 1114112K
  class space    used 6016K, committed 6336K, reserved 1048576K
}
Event: 15.171 GC heap after
{Heap after GC invocations=23 (full 0):
 garbage-first heap   total 149504K, used 66879K [0x0000000701400000, 0x0000000800000000)
  region size 2048K, 2 young (4096K), 2 survivors (4096K)
 Metaspace       used 49229K, committed 49856K, reserved 1114112K
  class space    used 6016K, committed 6336K, reserved 1048576K
}
Event: 16.044 GC heap before
{Heap before GC invocations=23 (full 0):
 garbage-first heap   total 149504K, used 120127K [0x0000000701400000, 0x0000000800000000)
  region size 2048K, 28 young (57344K), 2 survivors (4096K)
 Metaspace       used 53221K, committed 53824K, reserved 1114112K
  class space    used 6499K, committed 6784K, reserved 1048576K
}
Event: 16.051 GC heap after
{Heap after GC invocations=24 (full 0):
 garbage-first heap   total 149504K, used 64243K [0x0000000701400000, 0x0000000800000000)
  region size 2048K, 4 young (8192K), 4 survivors (8192K)
 Metaspace       used 53221K, committed 53824K, reserved 1114112K
  class space    used 6499K, committed 6784K, reserved 1048576K
}

